<?xml version="1.0" encoding="UTF-8"?>
<testsuites name="jest tests" tests="46" failures="0" errors="0" time="65.244">
  <testsuite name="IncrementalCheck" errors="0" failures="0" skipped="0" timestamp="2022-06-30T14:51:24" time="44.532" tests="7">
    <testcase classname="IncrementalCheck If a roll of 1 with no actor should return false" name="IncrementalCheck If a roll of 1 with no actor should return false" time="0.001">
    </testcase>
    <testcase classname="IncrementalCheck If a roll of 1 with no flag set should return true" name="IncrementalCheck If a roll of 1 with no flag set should return true" time="0.001">
    </testcase>
    <testcase classname="IncrementalCheck If a roll of 10 with no flag set should return false" name="IncrementalCheck If a roll of 10 with no flag set should return false" time="0">
    </testcase>
    <testcase classname="IncrementalCheck If a roll of 1 with no flag value set should return true" name="IncrementalCheck If a roll of 1 with no flag value set should return true" time="0">
    </testcase>
    <testcase classname="IncrementalCheck If a roll of 4 with no flag set should return false" name="IncrementalCheck If a roll of 4 with no flag set should return false" time="0">
    </testcase>
    <testcase classname="IncrementalCheck If a roll of 1 flag set as 1 should return true" name="IncrementalCheck If a roll of 1 flag set as 1 should return true" time="0">
    </testcase>
    <testcase classname="IncrementalCheck If a roll of 4 flag set as 2 should return false" name="IncrementalCheck If a roll of 4 flag set as 2 should return false" time="0">
    </testcase>
  </testsuite>
  <testsuite name="DieDescending" errors="0" failures="0" skipped="0" timestamp="2022-06-30T14:52:09" time="6.243" tests="7">
    <testcase classname="DieDescending If a roll of 1 with no actor should return false" name="DieDescending If a roll of 1 with no actor should return false" time="0.001">
    </testcase>
    <testcase classname="DieDescending If a roll of 1 with no flag set should return true" name="DieDescending If a roll of 1 with no flag set should return true" time="0">
    </testcase>
    <testcase classname="DieDescending If a roll of 10 with no flag set should return false" name="DieDescending If a roll of 10 with no flag set should return false" time="0">
    </testcase>
    <testcase classname="DieDescending If a roll of 1 with no flag value set should return true" name="DieDescending If a roll of 1 with no flag value set should return true" time="0">
    </testcase>
    <testcase classname="DieDescending If a roll of 4 with no flag set should return false" name="DieDescending If a roll of 4 with no flag set should return false" time="0">
    </testcase>
    <testcase classname="DieDescending If a roll of 1 flag set as 1 should return true" name="DieDescending If a roll of 1 flag set as 1 should return true" time="0">
    </testcase>
    <testcase classname="DieDescending If a roll of 4 flag set as 2 should return false" name="DieDescending If a roll of 4 flag set as 2 should return false" time="0">
    </testcase>
  </testsuite>
  <testsuite name="SpellParser" errors="0" failures="0" skipped="0" timestamp="2022-06-30T14:52:15" time="6.289" tests="8">
    <testcase classname="SpellParser IsWildMagicFeat Has Wild Magic Feat should be true" name="SpellParser IsWildMagicFeat Has Wild Magic Feat should be true" time="0.001">
    </testcase>
    <testcase classname="SpellParser IsWildMagicFeat Does not have Wild Magic Feat should be false" name="SpellParser IsWildMagicFeat Does not have Wild Magic Feat should be false" time="0">
    </testcase>
    <testcase classname="SpellParser SpellLevel Has a level should be true" name="SpellParser SpellLevel Has a level should be true" time="0.001">
    </testcase>
    <testcase classname="SpellParser SpellLevel No level present should be false" name="SpellParser SpellLevel No level present should be false" time="0.002">
    </testcase>
    <testcase classname="SpellParser IsSpell Has a level should be true" name="SpellParser IsSpell Has a level should be true" time="0">
    </testcase>
    <testcase classname="SpellParser IsSpell No level present should be false" name="SpellParser IsSpell No level present should be false" time="0">
    </testcase>
    <testcase classname="SpellParser IsNPC Is set to be a NPC should be true" name="SpellParser IsNPC Is set to be a NPC should be true" time="0.001">
    </testcase>
    <testcase classname="SpellParser IsNPC Is not a NPC should be false" name="SpellParser IsNPC Is not a NPC should be false" time="0">
    </testcase>
  </testsuite>
  <testsuite name="MagicSurgeCheck" errors="0" failures="0" skipped="0" timestamp="2022-06-30T14:52:21" time="6.371" tests="20">
    <testcase classname="MagicSurgeCheck Check Has no actor It returns from module" name="MagicSurgeCheck Check Has no actor It returns from module" time="0.002">
    </testcase>
    <testcase classname="MagicSurgeCheck Check OPT_AUTO_D20 is true Has no Wild Magic Feat It returns from module" name="MagicSurgeCheck Check OPT_AUTO_D20 is true Has no Wild Magic Feat It returns from module" time="0.003">
    </testcase>
    <testcase classname="MagicSurgeCheck Check OPT_AUTO_D20 is true Has Wild Magic Feat It auto checks" name="MagicSurgeCheck Check OPT_AUTO_D20 is true Has Wild Magic Feat It auto checks" time="0.001">
    </testcase>
    <testcase classname="MagicSurgeCheck resultCheck has 1 value in the result check roll of 2 EQ 2" name="MagicSurgeCheck resultCheck has 1 value in the result check roll of 2 EQ 2" time="0.001">
    </testcase>
    <testcase classname="MagicSurgeCheck resultCheck has 1 value in the result check roll of 2 Not EQ 2" name="MagicSurgeCheck resultCheck has 1 value in the result check roll of 2 Not EQ 2" time="0">
    </testcase>
    <testcase classname="MagicSurgeCheck resultCheck has 1 value in the result check roll of 2 Not GT 2" name="MagicSurgeCheck resultCheck has 1 value in the result check roll of 2 Not GT 2" time="0.001">
    </testcase>
    <testcase classname="MagicSurgeCheck resultCheck has 1 value in the result check roll of 3 GT 2" name="MagicSurgeCheck resultCheck has 1 value in the result check roll of 3 GT 2" time="0">
    </testcase>
    <testcase classname="MagicSurgeCheck resultCheck has 1 value in the result check roll of 2 Not LT 2" name="MagicSurgeCheck resultCheck has 1 value in the result check roll of 2 Not LT 2" time="0">
    </testcase>
    <testcase classname="MagicSurgeCheck resultCheck has 1 value in the result check roll of 1 LT 2" name="MagicSurgeCheck resultCheck has 1 value in the result check roll of 1 LT 2" time="0">
    </testcase>
    <testcase classname="MagicSurgeCheck resultCheck has 2 values in the result check roll of 2 EQ 2" name="MagicSurgeCheck resultCheck has 2 values in the result check roll of 2 EQ 2" time="0">
    </testcase>
    <testcase classname="MagicSurgeCheck resultCheck has 2 values in the result check roll of 4 EQ 4" name="MagicSurgeCheck resultCheck has 2 values in the result check roll of 4 EQ 4" time="0.001">
    </testcase>
    <testcase classname="MagicSurgeCheck resultCheck has 2 values in the result check roll of 2 Not EQ 2" name="MagicSurgeCheck resultCheck has 2 values in the result check roll of 2 Not EQ 2" time="0">
    </testcase>
    <testcase classname="MagicSurgeCheck resultCheck has 2 values in the result check roll of 2 Not GT 2" name="MagicSurgeCheck resultCheck has 2 values in the result check roll of 2 Not GT 2" time="0">
    </testcase>
    <testcase classname="MagicSurgeCheck resultCheck has 2 values in the result check roll of 3 GT 2" name="MagicSurgeCheck resultCheck has 2 values in the result check roll of 3 GT 2" time="0.001">
    </testcase>
    <testcase classname="MagicSurgeCheck resultCheck has 2 values in the result check roll of 2 Not LT 2" name="MagicSurgeCheck resultCheck has 2 values in the result check roll of 2 Not LT 2" time="0">
    </testcase>
    <testcase classname="MagicSurgeCheck resultCheck has 2 values in the result check roll of 1 LT 2" name="MagicSurgeCheck resultCheck has 2 values in the result check roll of 1 LT 2" time="0">
    </testcase>
    <testcase classname="MagicSurgeCheck RunAutoCheck INVALID_OPTION" name="MagicSurgeCheck RunAutoCheck INVALID_OPTION" time="0.001">
    </testcase>
    <testcase classname="MagicSurgeCheck RunAutoCheck DEFAULT" name="MagicSurgeCheck RunAutoCheck DEFAULT" time="0.001">
    </testcase>
    <testcase classname="MagicSurgeCheck RunAutoCheck INCREMENTAL_CHECK" name="MagicSurgeCheck RunAutoCheck INCREMENTAL_CHECK" time="0.001">
    </testcase>
    <testcase classname="MagicSurgeCheck RunAutoCheck SPELL_LEVEL_DEPENDENT_ROLL" name="MagicSurgeCheck RunAutoCheck SPELL_LEVEL_DEPENDENT_ROLL" time="0">
    </testcase>
  </testsuite>
  <testsuite name="SpellLevelTrigger" errors="0" failures="0" skipped="0" timestamp="2022-06-30T14:52:28" time="0.779" tests="4">
    <testcase classname="SpellLevelTrigger Roll 4 &lt; 5 should be true" name="SpellLevelTrigger Roll 4 &lt; 5 should be true" time="0.002">
    </testcase>
    <testcase classname="SpellLevelTrigger Roll 14 &gt; 6 should be true" name="SpellLevelTrigger Roll 14 &gt; 6 should be true" time="0.001">
    </testcase>
    <testcase classname="SpellLevelTrigger Roll 4 === 4 should be true" name="SpellLevelTrigger Roll 4 === 4 should be true" time="0">
    </testcase>
    <testcase classname="SpellLevelTrigger Roll 5 !== 4 should be true" name="SpellLevelTrigger Roll 5 !== 4 should be true" time="0.003">
    </testcase>
  </testsuite>
</testsuites>